<?xml version="1.0" encoding="UTF-8"?>
<!-- Generated by org.testng.reporters.JUnitXMLReporter -->
<testsuite ignored="0" hostname="INBOOK_X1_SLIM" failures="0" tests="6" name="Default test" time="37.48" errors="0" timestamp="2024-09-07T15:07:30 IST">
  <testcase classname="airbnb_testing.Airbnb_Test" name="invokeBrowser" time="2.63"/>
  <testcase classname="airbnb_testing.Airbnb_Test" name="setLocation" time="5.513"/>
  <testcase classname="airbnb_testing.Airbnb_Test" name="applyingFilter" time="1.557"/>
  <testcase classname="airbnb_testing.Airbnb_Test" name="changeLanguage" time="19.138"/>
  <testcase classname="airbnb_testing.Airbnb_Test" name="bookingFirstHotel" time="0.64"/>
  <testcase classname="airbnb_testing.Airbnb_Test" name="closingPopUp" time="5.8"/>
</testsuite> <!-- Default test -->
