<?xml version="1.0" encoding="UTF-8"?>
<testng-results ignored="0" total="6" passed="5" failed="1" skipped="0">
  <reporter-output>
  </reporter-output>
  <suite started-at="2024-07-16T11:53:30 IST" name="Default suite" finished-at="2024-07-16T11:54:11 IST" duration-ms="41442">
    <groups>
    </groups>
    <test started-at="2024-07-16T11:53:30 IST" name="Default test" finished-at="2024-07-16T11:54:11 IST" duration-ms="41442">
      <class name="airbnb_testing.Airbnb_Test">
        <test-method is-config="true" signature="setUp()[pri:0, instance:airbnb_testing.Airbnb_Test@273444fe]" started-at="2024-07-16T11:53:30 IST" name="setUp" finished-at="2024-07-16T11:53:32 IST" duration-ms="1910" status="PASS">
          <reporter-output>
          </reporter-output>
        </test-method> <!-- setUp -->
        <test-method signature="invokeBrowser()[pri:0, instance:airbnb_testing.Airbnb_Test@273444fe]" started-at="2024-07-16T11:53:32 IST" name="invokeBrowser" finished-at="2024-07-16T11:53:36 IST" duration-ms="3650" status="PASS">
          <reporter-output>
          </reporter-output>
        </test-method> <!-- invokeBrowser -->
        <test-method signature="setLocation()[pri:0, instance:airbnb_testing.Airbnb_Test@273444fe]" started-at="2024-07-16T11:53:36 IST" name="setLocation" finished-at="2024-07-16T11:53:38 IST" depends-on-methods="airbnb_testing.Airbnb_Test.invokeBrowser" duration-ms="2752" status="PASS">
          <reporter-output>
          </reporter-output>
        </test-method> <!-- setLocation -->
        <test-method signature="applyingFilter()[pri:0, instance:airbnb_testing.Airbnb_Test@273444fe]" started-at="2024-07-16T11:53:38 IST" name="applyingFilter" finished-at="2024-07-16T11:53:40 IST" depends-on-methods="airbnb_testing.Airbnb_Test.setLocation" duration-ms="2050" status="PASS">
          <reporter-output>
          </reporter-output>
        </test-method> <!-- applyingFilter -->
        <test-method signature="changeLanguage()[pri:0, instance:airbnb_testing.Airbnb_Test@273444fe]" started-at="2024-07-16T11:53:40 IST" name="changeLanguage" finished-at="2024-07-16T11:54:00 IST" depends-on-methods="airbnb_testing.Airbnb_Test.applyingFilter" duration-ms="19943" status="PASS">
          <reporter-output>
          </reporter-output>
        </test-method> <!-- changeLanguage -->
        <test-method signature="bookingFirstHotel()[pri:0, instance:airbnb_testing.Airbnb_Test@273444fe]" started-at="2024-07-16T11:54:00 IST" name="bookingFirstHotel" finished-at="2024-07-16T11:54:01 IST" depends-on-methods="airbnb_testing.Airbnb_Test.changeLanguage" duration-ms="262" status="PASS">
          <reporter-output>
          </reporter-output>
        </test-method> <!-- bookingFirstHotel -->
        <test-method signature="reserveHotel()[pri:0, instance:airbnb_testing.Airbnb_Test@273444fe]" started-at="2024-07-16T11:54:01 IST" name="reserveHotel" finished-at="2024-07-16T11:54:11 IST" depends-on-methods="airbnb_testing.Airbnb_Test.bookingFirstHotel" duration-ms="10789" status="FAIL">
          <exception class="org.openqa.selenium.TimeoutException">
            <message>
              <![CDATA[Expected condition failed: waiting for element to be clickable: By.xpath: //button[@data-testid='stepper-adults-increase-button'] (tried for 10 second(s) with 500 milliseconds interval)
Build info: version: '4.11.0', revision: '040bc5406b'
System info: os.name: 'Windows 11', os.arch: 'amd64', os.version: '10.0', java.version: '17.0.7'
Driver info: org.openqa.selenium.chrome.ChromeDriver
Capabilities {acceptInsecureCerts: false, browserName: chrome, browserVersion: 126.0.6478.127, chrome: {chromedriverVersion: 125.0.6422.141 (4b1e8393712..., userDataDir: C:\Users\abhin\AppData\Loca...}, fedcm:accounts: true, goog:chromeOptions: {debuggerAddress: localhost:53351}, networkConnectionEnabled: false, pageLoadStrategy: normal, platformName: windows, proxy: Proxy(), se:cdp: ws://localhost:53351/devtoo..., se:cdpVersion: 126.0.6478.127, setWindowRect: true, strictFileInteractability: false, timeouts: {implicit: 0, pageLoad: 300000, script: 30000}, unhandledPromptBehavior: dismiss and notify, webauthn:extension:credBlob: true, webauthn:extension:largeBlob: true, webauthn:extension:minPinLength: true, webauthn:extension:prf: true, webauthn:virtualAuthenticators: true}
Session ID: e6c6a9ec2d747e08c4c4243d6458c7aa]]>
            </message>
            <full-stacktrace>
              <![CDATA[org.openqa.selenium.TimeoutException: Expected condition failed: waiting for element to be clickable: By.xpath: //button[@data-testid='stepper-adults-increase-button'] (tried for 10 second(s) with 500 milliseconds interval)
Build info: version: '4.11.0', revision: '040bc5406b'
System info: os.name: 'Windows 11', os.arch: 'amd64', os.version: '10.0', java.version: '17.0.7'
Driver info: org.openqa.selenium.chrome.ChromeDriver
Capabilities {acceptInsecureCerts: false, browserName: chrome, browserVersion: 126.0.6478.127, chrome: {chromedriverVersion: 125.0.6422.141 (4b1e8393712..., userDataDir: C:\Users\abhin\AppData\Loca...}, fedcm:accounts: true, goog:chromeOptions: {debuggerAddress: localhost:53351}, networkConnectionEnabled: false, pageLoadStrategy: normal, platformName: windows, proxy: Proxy(), se:cdp: ws://localhost:53351/devtoo..., se:cdpVersion: 126.0.6478.127, setWindowRect: true, strictFileInteractability: false, timeouts: {implicit: 0, pageLoad: 300000, script: 30000}, unhandledPromptBehavior: dismiss and notify, webauthn:extension:credBlob: true, webauthn:extension:largeBlob: true, webauthn:extension:minPinLength: true, webauthn:extension:prf: true, webauthn:virtualAuthenticators: true}
Session ID: e6c6a9ec2d747e08c4c4243d6458c7aa
at org.openqa.selenium.support.ui.WebDriverWait.timeoutException(WebDriverWait.java:84)
at org.openqa.selenium.support.ui.FluentWait.until(FluentWait.java:230)
at airbnb_testing.Airbnb_Test.reserveHotel(Airbnb_Test.java:161)
at java.base/jdk.internal.reflect.NativeMethodAccessorImpl.invoke0(Native Method)
at java.base/jdk.internal.reflect.NativeMethodAccessorImpl.invoke(NativeMethodAccessorImpl.java:77)
at java.base/jdk.internal.reflect.DelegatingMethodAccessorImpl.invoke(DelegatingMethodAccessorImpl.java:43)
at java.base/java.lang.reflect.Method.invoke(Method.java:568)
at org.testng.internal.invokers.MethodInvocationHelper.invokeMethod(MethodInvocationHelper.java:141)
at org.testng.internal.invokers.TestInvoker.invokeMethod(TestInvoker.java:686)
at org.testng.internal.invokers.TestInvoker.invokeTestMethod(TestInvoker.java:230)
at org.testng.internal.invokers.MethodRunner.runInSequence(MethodRunner.java:63)
at org.testng.internal.invokers.TestInvoker$MethodInvocationAgent.invoke(TestInvoker.java:992)
at org.testng.internal.invokers.TestInvoker.invokeTestMethods(TestInvoker.java:203)
at org.testng.internal.invokers.TestMethodWorker.invokeTestMethods(TestMethodWorker.java:154)
at org.testng.internal.invokers.TestMethodWorker.run(TestMethodWorker.java:134)
at java.base/java.util.ArrayList.forEach(ArrayList.java:1511)
at org.testng.TestRunner.privateRun(TestRunner.java:739)
at org.testng.TestRunner.run(TestRunner.java:614)
at org.testng.SuiteRunner.runTest(SuiteRunner.java:421)
at org.testng.SuiteRunner.runSequentially(SuiteRunner.java:413)
at org.testng.SuiteRunner.privateRun(SuiteRunner.java:373)
at org.testng.SuiteRunner.run(SuiteRunner.java:312)
at org.testng.SuiteRunnerWorker.runSuite(SuiteRunnerWorker.java:52)
at org.testng.SuiteRunnerWorker.run(SuiteRunnerWorker.java:95)
at org.testng.TestNG.runSuitesSequentially(TestNG.java:1274)
at org.testng.TestNG.runSuitesLocally(TestNG.java:1208)
at org.testng.TestNG.runSuites(TestNG.java:1112)
at org.testng.TestNG.run(TestNG.java:1079)
at org.testng.remote.AbstractRemoteTestNG.run(AbstractRemoteTestNG.java:115)
at org.testng.remote.RemoteTestNG.initAndRun(RemoteTestNG.java:293)
at org.testng.remote.RemoteTestNG.main(RemoteTestNG.java:91)
]]>
            </full-stacktrace>
          </exception> <!-- org.openqa.selenium.TimeoutException -->
          <reporter-output>
          </reporter-output>
        </test-method> <!-- reserveHotel -->
      </class> <!-- airbnb_testing.Airbnb_Test -->
    </test> <!-- Default test -->
  </suite> <!-- Default suite -->
</testng-results>
