<?xml version="1.0" encoding="UTF-8"?>
<testng-results ignored="0" total="6" passed="5" failed="1" skipped="0">
  <reporter-output>
  </reporter-output>
  <suite started-at="2024-07-18T10:41:45 IST" name="Default suite" finished-at="2024-07-18T10:42:16 IST" duration-ms="30850">
    <groups>
    </groups>
    <test started-at="2024-07-18T10:41:45 IST" name="Default test" finished-at="2024-07-18T10:42:16 IST" duration-ms="30850">
      <class name="airbnb_testing.Airbnb_Test">
        <test-method is-config="true" signature="setUp()[pri:0, instance:airbnb_testing.Airbnb_Test@273444fe]" started-at="2024-07-18T10:41:45 IST" name="setUp" finished-at="2024-07-18T10:41:47 IST" duration-ms="1995" status="PASS">
          <reporter-output>
          </reporter-output>
        </test-method> <!-- setUp -->
        <test-method signature="invokeBrowser()[pri:0, instance:airbnb_testing.Airbnb_Test@273444fe]" started-at="2024-07-18T10:41:47 IST" name="invokeBrowser" finished-at="2024-07-18T10:41:54 IST" duration-ms="7154" status="PASS">
          <reporter-output>
          </reporter-output>
        </test-method> <!-- invokeBrowser -->
        <test-method signature="setLocation()[pri:0, instance:airbnb_testing.Airbnb_Test@273444fe]" started-at="2024-07-18T10:41:54 IST" name="setLocation" finished-at="2024-07-18T10:41:56 IST" depends-on-methods="airbnb_testing.Airbnb_Test.invokeBrowser" duration-ms="1956" status="PASS">
          <reporter-output>
          </reporter-output>
        </test-method> <!-- setLocation -->
        <test-method signature="applyingFilter()[pri:0, instance:airbnb_testing.Airbnb_Test@273444fe]" started-at="2024-07-18T10:41:56 IST" name="applyingFilter" finished-at="2024-07-18T10:41:58 IST" depends-on-methods="airbnb_testing.Airbnb_Test.setLocation" duration-ms="1746" status="PASS">
          <reporter-output>
          </reporter-output>
        </test-method> <!-- applyingFilter -->
        <test-method signature="changeLanguage()[pri:0, instance:airbnb_testing.Airbnb_Test@273444fe]" started-at="2024-07-18T10:41:58 IST" name="changeLanguage" finished-at="2024-07-18T10:42:13 IST" depends-on-methods="airbnb_testing.Airbnb_Test.applyingFilter" duration-ms="15239" status="PASS">
          <reporter-output>
          </reporter-output>
        </test-method> <!-- changeLanguage -->
        <test-method signature="bookingFirstHotel()[pri:0, instance:airbnb_testing.Airbnb_Test@273444fe]" started-at="2024-07-18T10:42:13 IST" name="bookingFirstHotel" finished-at="2024-07-18T10:42:16 IST" depends-on-methods="airbnb_testing.Airbnb_Test.changeLanguage" duration-ms="2416" status="PASS">
          <reporter-output>
          </reporter-output>
        </test-method> <!-- bookingFirstHotel -->
        <test-method signature="closingDialogBox()[pri:0, instance:airbnb_testing.Airbnb_Test@273444fe]" started-at="2024-07-18T10:42:16 IST" name="closingDialogBox" finished-at="2024-07-18T10:42:16 IST" depends-on-methods="airbnb_testing.Airbnb_Test.bookingFirstHotel" duration-ms="236" status="FAIL">
          <exception class="org.openqa.selenium.NoSuchElementException">
            <message>
              <![CDATA[no such element: Unable to locate element: {"method":"xpath","selector":"//div[@class='p1psejvv atm_9s_1bgihbq dir dir-ltr']/div/div/button[@class='l1ovpqvx atm_1he2i46_1k8pnbi_10saat9 atm_yxpdqi_1pv6nv4_10saat9 atm_1a0hdzc_w1h1e8_10saat9 atm_2bu6ew_929bqk_10saat9 atm_12oyo1u_73u7pn_10saat9 atm_fiaz40_1etamxe_10saat9 c1h5tsj6 atm_1s_glywfm atm_5j_1ssbidh atm_9j_tlke0l atm_tl_1gw4zv3 atm_9s_1o8liyq atm_mk_h2mmj6 atm_l8_idpfg4 atm_gi_idpfg4 atm_3f_glywfm atm_26_1j28jx2 atm_7l_hkljqm atm_uc_10d7vwn atm_kd_glywfm atm_kd_glywfm_1w3cfyq atm_3f_glywfm_e4a3ld atm_l8_idpfg4_e4a3ld atm_gi_idpfg4_e4a3ld atm_3f_glywfm_1r4qscq atm_kd_glywfm_6y7yyg atm_kd_glywfm_pfnrn2_1oszvuo atm_l8_idpfg4_1icshfk_1oszvuo atm_gi_idpfg4_1icshfk_1oszvuo atm_3f_glywfm_b5gff8_1oszvuo atm_kd_glywfm_2by9w9_1oszvuo atm_k4_1piyxwk_1o5j5ji atm_9j_13gfvf7_1o5j5ji atm_uc_glywfm__1rrf6b5 atm_7l_wbi19n_1nos8r_uv4tnr atm_26_zbnr2t_1rqz0hn_uv4tnr atm_7l_1wxwdr3_4fughm_uv4tnr atm_26_1j28jx2_1r92pmq_uv4tnr atm_7l_wbi19n_csw3t1 atm_tr_ffmgpj_csw3t1 atm_26_zbnr2t_1ul2smo atm_3f_glywfm_jo46a5 atm_l8_idpfg4_jo46a5 atm_gi_idpfg4_jo46a5 atm_3f_glywfm_1icshfk atm_kd_glywfm_19774hq atm_uc_aaiy6o_1w3cfyq atm_70_glywfm_1w3cfyq atm_uc_glywfm_1w3cfyq_1rrf6b5 atm_70_1e7pbig_9xuho3 atm_26_zbnr2t_9xuho3 atm_uc_aaiy6o_pfnrn2_1oszvuo atm_70_glywfm_pfnrn2_1oszvuo atm_uc_glywfm_pfnrn2_1o31aam atm_70_1e7pbig_1buez3b_1oszvuo atm_26_zbnr2t_1buez3b_1oszvuo atm_7l_1wxwdr3_1o5j5ji atm_26_1j28jx2_154oz7f atm_92_1yyfdc7_vmtskl atm_9s_1ulexfb_vmtskl atm_mk_stnw88_vmtskl atm_tk_1ssbidh_vmtskl atm_fq_1ssbidh_vmtskl atm_tr_pryxvc_vmtskl atm_5j_1ssbidh_vmtskl atm_vy_1vi7ecw_vmtskl atm_e2_1vi7ecw_vmtskl dir dir-ltr']"}
  (Session info: chrome=126.0.6478.128)
For documentation on this error, please visit: https://www.selenium.dev/documentation/webdriver/troubleshooting/errors#no-such-element-exception
Build info: version: '4.11.0', revision: '040bc5406b'
System info: os.name: 'Windows 11', os.arch: 'amd64', os.version: '10.0', java.version: '17.0.7'
Driver info: org.openqa.selenium.chrome.ChromeDriver
Command: [ad91e5023bfb9d0f8ff4f535525dc822, findElement {using=xpath, value=//div[@class='p1psejvv atm_9s_1bgihbq dir dir-ltr']/div/div/button[@class='l1ovpqvx atm_1he2i46_1k8pnbi_10saat9 atm_yxpdqi_1pv6nv4_10saat9 atm_1a0hdzc_w1h1e8_10saat9 atm_2bu6ew_929bqk_10saat9 atm_12oyo1u_73u7pn_10saat9 atm_fiaz40_1etamxe_10saat9 c1h5tsj6 atm_1s_glywfm atm_5j_1ssbidh atm_9j_tlke0l atm_tl_1gw4zv3 atm_9s_1o8liyq atm_mk_h2mmj6 atm_l8_idpfg4 atm_gi_idpfg4 atm_3f_glywfm atm_26_1j28jx2 atm_7l_hkljqm atm_uc_10d7vwn atm_kd_glywfm atm_kd_glywfm_1w3cfyq atm_3f_glywfm_e4a3ld atm_l8_idpfg4_e4a3ld atm_gi_idpfg4_e4a3ld atm_3f_glywfm_1r4qscq atm_kd_glywfm_6y7yyg atm_kd_glywfm_pfnrn2_1oszvuo atm_l8_idpfg4_1icshfk_1oszvuo atm_gi_idpfg4_1icshfk_1oszvuo atm_3f_glywfm_b5gff8_1oszvuo atm_kd_glywfm_2by9w9_1oszvuo atm_k4_1piyxwk_1o5j5ji atm_9j_13gfvf7_1o5j5ji atm_uc_glywfm__1rrf6b5 atm_7l_wbi19n_1nos8r_uv4tnr atm_26_zbnr2t_1rqz0hn_uv4tnr atm_7l_1wxwdr3_4fughm_uv4tnr atm_26_1j28jx2_1r92pmq_uv4tnr atm_7l_wbi19n_csw3t1 atm_tr_ffmgpj_csw3t1 atm_26_zbnr2t_1ul2smo atm_3f_glywfm_jo46a5 atm_l8_idpfg4_jo46a5 atm_gi_idpfg4_jo46a5 atm_3f_glywfm_1icshfk atm_kd_glywfm_19774hq atm_uc_aaiy6o_1w3cfyq atm_70_glywfm_1w3cfyq atm_uc_glywfm_1w3cfyq_1rrf6b5 atm_70_1e7pbig_9xuho3 atm_26_zbnr2t_9xuho3 atm_uc_aaiy6o_pfnrn2_1oszvuo atm_70_glywfm_pfnrn2_1oszvuo atm_uc_glywfm_pfnrn2_1o31aam atm_70_1e7pbig_1buez3b_1oszvuo atm_26_zbnr2t_1buez3b_1oszvuo atm_7l_1wxwdr3_1o5j5ji atm_26_1j28jx2_154oz7f atm_92_1yyfdc7_vmtskl atm_9s_1ulexfb_vmtskl atm_mk_stnw88_vmtskl atm_tk_1ssbidh_vmtskl atm_fq_1ssbidh_vmtskl atm_tr_pryxvc_vmtskl atm_5j_1ssbidh_vmtskl atm_vy_1vi7ecw_vmtskl atm_e2_1vi7ecw_vmtskl dir dir-ltr']}]
Capabilities {acceptInsecureCerts: false, browserName: chrome, browserVersion: 126.0.6478.128, chrome: {chromedriverVersion: 125.0.6422.141 (4b1e8393712..., userDataDir: C:\Users\abhin\AppData\Loca...}, fedcm:accounts: true, goog:chromeOptions: {debuggerAddress: localhost:59802}, networkConnectionEnabled: false, pageLoadStrategy: normal, platformName: windows, proxy: Proxy(), se:cdp: ws://localhost:59802/devtoo..., se:cdpVersion: 126.0.6478.128, setWindowRect: true, strictFileInteractability: false, timeouts: {implicit: 0, pageLoad: 300000, script: 30000}, unhandledPromptBehavior: dismiss and notify, webauthn:extension:credBlob: true, webauthn:extension:largeBlob: true, webauthn:extension:minPinLength: true, webauthn:extension:prf: true, webauthn:virtualAuthenticators: true}
Session ID: ad91e5023bfb9d0f8ff4f535525dc822]]>
            </message>
            <full-stacktrace>
              <![CDATA[org.openqa.selenium.NoSuchElementException: no such element: Unable to locate element: {"method":"xpath","selector":"//div[@class='p1psejvv atm_9s_1bgihbq dir dir-ltr']/div/div/button[@class='l1ovpqvx atm_1he2i46_1k8pnbi_10saat9 atm_yxpdqi_1pv6nv4_10saat9 atm_1a0hdzc_w1h1e8_10saat9 atm_2bu6ew_929bqk_10saat9 atm_12oyo1u_73u7pn_10saat9 atm_fiaz40_1etamxe_10saat9 c1h5tsj6 atm_1s_glywfm atm_5j_1ssbidh atm_9j_tlke0l atm_tl_1gw4zv3 atm_9s_1o8liyq atm_mk_h2mmj6 atm_l8_idpfg4 atm_gi_idpfg4 atm_3f_glywfm atm_26_1j28jx2 atm_7l_hkljqm atm_uc_10d7vwn atm_kd_glywfm atm_kd_glywfm_1w3cfyq atm_3f_glywfm_e4a3ld atm_l8_idpfg4_e4a3ld atm_gi_idpfg4_e4a3ld atm_3f_glywfm_1r4qscq atm_kd_glywfm_6y7yyg atm_kd_glywfm_pfnrn2_1oszvuo atm_l8_idpfg4_1icshfk_1oszvuo atm_gi_idpfg4_1icshfk_1oszvuo atm_3f_glywfm_b5gff8_1oszvuo atm_kd_glywfm_2by9w9_1oszvuo atm_k4_1piyxwk_1o5j5ji atm_9j_13gfvf7_1o5j5ji atm_uc_glywfm__1rrf6b5 atm_7l_wbi19n_1nos8r_uv4tnr atm_26_zbnr2t_1rqz0hn_uv4tnr atm_7l_1wxwdr3_4fughm_uv4tnr atm_26_1j28jx2_1r92pmq_uv4tnr atm_7l_wbi19n_csw3t1 atm_tr_ffmgpj_csw3t1 atm_26_zbnr2t_1ul2smo atm_3f_glywfm_jo46a5 atm_l8_idpfg4_jo46a5 atm_gi_idpfg4_jo46a5 atm_3f_glywfm_1icshfk atm_kd_glywfm_19774hq atm_uc_aaiy6o_1w3cfyq atm_70_glywfm_1w3cfyq atm_uc_glywfm_1w3cfyq_1rrf6b5 atm_70_1e7pbig_9xuho3 atm_26_zbnr2t_9xuho3 atm_uc_aaiy6o_pfnrn2_1oszvuo atm_70_glywfm_pfnrn2_1oszvuo atm_uc_glywfm_pfnrn2_1o31aam atm_70_1e7pbig_1buez3b_1oszvuo atm_26_zbnr2t_1buez3b_1oszvuo atm_7l_1wxwdr3_1o5j5ji atm_26_1j28jx2_154oz7f atm_92_1yyfdc7_vmtskl atm_9s_1ulexfb_vmtskl atm_mk_stnw88_vmtskl atm_tk_1ssbidh_vmtskl atm_fq_1ssbidh_vmtskl atm_tr_pryxvc_vmtskl atm_5j_1ssbidh_vmtskl atm_vy_1vi7ecw_vmtskl atm_e2_1vi7ecw_vmtskl dir dir-ltr']"}
  (Session info: chrome=126.0.6478.128)
For documentation on this error, please visit: https://www.selenium.dev/documentation/webdriver/troubleshooting/errors#no-such-element-exception
Build info: version: '4.11.0', revision: '040bc5406b'
System info: os.name: 'Windows 11', os.arch: 'amd64', os.version: '10.0', java.version: '17.0.7'
Driver info: org.openqa.selenium.chrome.ChromeDriver
Command: [ad91e5023bfb9d0f8ff4f535525dc822, findElement {using=xpath, value=//div[@class='p1psejvv atm_9s_1bgihbq dir dir-ltr']/div/div/button[@class='l1ovpqvx atm_1he2i46_1k8pnbi_10saat9 atm_yxpdqi_1pv6nv4_10saat9 atm_1a0hdzc_w1h1e8_10saat9 atm_2bu6ew_929bqk_10saat9 atm_12oyo1u_73u7pn_10saat9 atm_fiaz40_1etamxe_10saat9 c1h5tsj6 atm_1s_glywfm atm_5j_1ssbidh atm_9j_tlke0l atm_tl_1gw4zv3 atm_9s_1o8liyq atm_mk_h2mmj6 atm_l8_idpfg4 atm_gi_idpfg4 atm_3f_glywfm atm_26_1j28jx2 atm_7l_hkljqm atm_uc_10d7vwn atm_kd_glywfm atm_kd_glywfm_1w3cfyq atm_3f_glywfm_e4a3ld atm_l8_idpfg4_e4a3ld atm_gi_idpfg4_e4a3ld atm_3f_glywfm_1r4qscq atm_kd_glywfm_6y7yyg atm_kd_glywfm_pfnrn2_1oszvuo atm_l8_idpfg4_1icshfk_1oszvuo atm_gi_idpfg4_1icshfk_1oszvuo atm_3f_glywfm_b5gff8_1oszvuo atm_kd_glywfm_2by9w9_1oszvuo atm_k4_1piyxwk_1o5j5ji atm_9j_13gfvf7_1o5j5ji atm_uc_glywfm__1rrf6b5 atm_7l_wbi19n_1nos8r_uv4tnr atm_26_zbnr2t_1rqz0hn_uv4tnr atm_7l_1wxwdr3_4fughm_uv4tnr atm_26_1j28jx2_1r92pmq_uv4tnr atm_7l_wbi19n_csw3t1 atm_tr_ffmgpj_csw3t1 atm_26_zbnr2t_1ul2smo atm_3f_glywfm_jo46a5 atm_l8_idpfg4_jo46a5 atm_gi_idpfg4_jo46a5 atm_3f_glywfm_1icshfk atm_kd_glywfm_19774hq atm_uc_aaiy6o_1w3cfyq atm_70_glywfm_1w3cfyq atm_uc_glywfm_1w3cfyq_1rrf6b5 atm_70_1e7pbig_9xuho3 atm_26_zbnr2t_9xuho3 atm_uc_aaiy6o_pfnrn2_1oszvuo atm_70_glywfm_pfnrn2_1oszvuo atm_uc_glywfm_pfnrn2_1o31aam atm_70_1e7pbig_1buez3b_1oszvuo atm_26_zbnr2t_1buez3b_1oszvuo atm_7l_1wxwdr3_1o5j5ji atm_26_1j28jx2_154oz7f atm_92_1yyfdc7_vmtskl atm_9s_1ulexfb_vmtskl atm_mk_stnw88_vmtskl atm_tk_1ssbidh_vmtskl atm_fq_1ssbidh_vmtskl atm_tr_pryxvc_vmtskl atm_5j_1ssbidh_vmtskl atm_vy_1vi7ecw_vmtskl atm_e2_1vi7ecw_vmtskl dir dir-ltr']}]
Capabilities {acceptInsecureCerts: false, browserName: chrome, browserVersion: 126.0.6478.128, chrome: {chromedriverVersion: 125.0.6422.141 (4b1e8393712..., userDataDir: C:\Users\abhin\AppData\Loca...}, fedcm:accounts: true, goog:chromeOptions: {debuggerAddress: localhost:59802}, networkConnectionEnabled: false, pageLoadStrategy: normal, platformName: windows, proxy: Proxy(), se:cdp: ws://localhost:59802/devtoo..., se:cdpVersion: 126.0.6478.128, setWindowRect: true, strictFileInteractability: false, timeouts: {implicit: 0, pageLoad: 300000, script: 30000}, unhandledPromptBehavior: dismiss and notify, webauthn:extension:credBlob: true, webauthn:extension:largeBlob: true, webauthn:extension:minPinLength: true, webauthn:extension:prf: true, webauthn:virtualAuthenticators: true}
Session ID: ad91e5023bfb9d0f8ff4f535525dc822
at java.base/jdk.internal.reflect.NativeConstructorAccessorImpl.newInstance0(Native Method)
at java.base/jdk.internal.reflect.NativeConstructorAccessorImpl.newInstance(NativeConstructorAccessorImpl.java:77)
at java.base/jdk.internal.reflect.DelegatingConstructorAccessorImpl.newInstance(DelegatingConstructorAccessorImpl.java:45)
at java.base/java.lang.reflect.Constructor.newInstanceWithCaller(Constructor.java:499)
at java.base/java.lang.reflect.Constructor.newInstance(Constructor.java:480)
at org.openqa.selenium.remote.codec.w3c.W3CHttpResponseCodec.createException(W3CHttpResponseCodec.java:200)
at org.openqa.selenium.remote.codec.w3c.W3CHttpResponseCodec.decode(W3CHttpResponseCodec.java:133)
at org.openqa.selenium.remote.codec.w3c.W3CHttpResponseCodec.decode(W3CHttpResponseCodec.java:52)
at org.openqa.selenium.remote.HttpCommandExecutor.execute(HttpCommandExecutor.java:191)
at org.openqa.selenium.remote.service.DriverCommandExecutor.invokeExecute(DriverCommandExecutor.java:196)
at org.openqa.selenium.remote.service.DriverCommandExecutor.execute(DriverCommandExecutor.java:171)
at org.openqa.selenium.remote.RemoteWebDriver.execute(RemoteWebDriver.java:518)
at org.openqa.selenium.remote.ElementLocation$ElementFinder$2.findElement(ElementLocation.java:165)
at org.openqa.selenium.remote.ElementLocation.findElement(ElementLocation.java:59)
at org.openqa.selenium.remote.RemoteWebDriver.findElement(RemoteWebDriver.java:355)
at org.openqa.selenium.remote.RemoteWebDriver.findElement(RemoteWebDriver.java:349)
at airbnb_testing.Airbnb_Test.closingDialogBox(Airbnb_Test.java:157)
at java.base/jdk.internal.reflect.NativeMethodAccessorImpl.invoke0(Native Method)
at java.base/jdk.internal.reflect.NativeMethodAccessorImpl.invoke(NativeMethodAccessorImpl.java:77)
at java.base/jdk.internal.reflect.DelegatingMethodAccessorImpl.invoke(DelegatingMethodAccessorImpl.java:43)
at java.base/java.lang.reflect.Method.invoke(Method.java:568)
at org.testng.internal.invokers.MethodInvocationHelper.invokeMethod(MethodInvocationHelper.java:141)
at org.testng.internal.invokers.TestInvoker.invokeMethod(TestInvoker.java:686)
at org.testng.internal.invokers.TestInvoker.invokeTestMethod(TestInvoker.java:230)
at org.testng.internal.invokers.MethodRunner.runInSequence(MethodRunner.java:63)
at org.testng.internal.invokers.TestInvoker$MethodInvocationAgent.invoke(TestInvoker.java:992)
at org.testng.internal.invokers.TestInvoker.invokeTestMethods(TestInvoker.java:203)
at org.testng.internal.invokers.TestMethodWorker.invokeTestMethods(TestMethodWorker.java:154)
at org.testng.internal.invokers.TestMethodWorker.run(TestMethodWorker.java:134)
at java.base/java.util.ArrayList.forEach(ArrayList.java:1511)
at org.testng.TestRunner.privateRun(TestRunner.java:739)
at org.testng.TestRunner.run(TestRunner.java:614)
at org.testng.SuiteRunner.runTest(SuiteRunner.java:421)
at org.testng.SuiteRunner.runSequentially(SuiteRunner.java:413)
at org.testng.SuiteRunner.privateRun(SuiteRunner.java:373)
at org.testng.SuiteRunner.run(SuiteRunner.java:312)
at org.testng.SuiteRunnerWorker.runSuite(SuiteRunnerWorker.java:52)
at org.testng.SuiteRunnerWorker.run(SuiteRunnerWorker.java:95)
at org.testng.TestNG.runSuitesSequentially(TestNG.java:1274)
at org.testng.TestNG.runSuitesLocally(TestNG.java:1208)
at org.testng.TestNG.runSuites(TestNG.java:1112)
at org.testng.TestNG.run(TestNG.java:1079)
at org.testng.remote.AbstractRemoteTestNG.run(AbstractRemoteTestNG.java:115)
at org.testng.remote.RemoteTestNG.initAndRun(RemoteTestNG.java:293)
at org.testng.remote.RemoteTestNG.main(RemoteTestNG.java:91)
]]>
            </full-stacktrace>
          </exception> <!-- org.openqa.selenium.NoSuchElementException -->
          <reporter-output>
          </reporter-output>
        </test-method> <!-- closingDialogBox -->
      </class> <!-- airbnb_testing.Airbnb_Test -->
    </test> <!-- Default test -->
  </suite> <!-- Default suite -->
</testng-results>
